app/build/intermediates/manifest_merge_blame_file/debug/manifest-merger-blame-debug-report.txt
1<?xml version="1.0" encoding="utf-8"?>
2<manifest xmlns:android="http://schemas.android.com/apk/res/android"
3    package="com.example.productlist"
4    android:usesCleartextTraffic="true"
5    android:versionCode="1"
6    android:versionName="1.0" >
7
8    <uses-sdk
9        android:minSdkVersion="15"
9-->src/main/AndroidManifest.xml
10        android:targetSdkVersion="29" />
10-->src/main/AndroidManifest.xml
11
12    <uses-permission android:name="android.permission.INTERNET" />
12-->src/main/AndroidManifest.xml:6:5-66
12-->src/main/AndroidManifest.xml:6:22-64
13
14    <application
14-->src/main/AndroidManifest.xml:7:5-32:19
15        android:allowBackup="true"
15-->src/main/AndroidManifest.xml:9:9-35
16        android:appComponentFactory="androidx.core.app.CoreComponentFactory"
16-->[androidx.core:core:1.1.0] AndroidManifest.xml:24:18-86
17        android:debuggable="true"
18        android:icon="@mipmap/ic_launcher"
18-->src/main/AndroidManifest.xml:10:9-43
19        android:label="@string/app_name"
19-->src/main/AndroidManifest.xml:11:9-41
20        android:roundIcon="@mipmap/ic_launcher_round"
20-->src/main/AndroidManifest.xml:12:9-54
21        android:supportsRtl="true"
21-->src/main/AndroidManifest.xml:13:9-35
22        android:testOnly="true"
23        android:theme="@style/Theme.AppCompat.Light.NoActionBar"
23-->src/main/AndroidManifest.xml:14:9-65
24        android:usesCleartextTraffic="true" >
24-->src/main/AndroidManifest.xml:8:9-44
25        <activity
25-->src/main/AndroidManifest.xml:16:9-25:20
26            android:name="com.example.productlist.activities.MainActivity"
26-->src/main/AndroidManifest.xml:17:13-52
27            android:label="@string/app_name"
27-->src/main/AndroidManifest.xml:18:13-45
28            android:theme="@style/AppTheme.NoActionBar" >
28-->src/main/AndroidManifest.xml:19:13-56
29            <intent-filter>
29-->src/main/AndroidManifest.xml:20:13-24:29
30                <action android:name="android.intent.action.MAIN" />
30-->src/main/AndroidManifest.xml:21:17-69
30-->src/main/AndroidManifest.xml:21:25-66
31
32                <category android:name="android.intent.category.LAUNCHER" />
32-->src/main/AndroidManifest.xml:23:17-77
32-->src/main/AndroidManifest.xml:23:27-74
33            </intent-filter>
34        </activity>
35        <activity android:name="com.example.productlist.activities.ArticleActivity" />
35-->src/main/AndroidManifest.xml:26:9-73
35-->src/main/AndroidManifest.xml:26:19-61
36        <activity android:name="com.example.productlist.activities.RegisterActivity" />
36-->src/main/AndroidManifest.xml:27:9-74
36-->src/main/AndroidManifest.xml:27:19-62
37        <activity android:name="com.example.productlist.activities.AddArticleActivity" />
37-->src/main/AndroidManifest.xml:28:9-76
37-->src/main/AndroidManifest.xml:28:19-64
38        <activity android:name="com.example.productlist.activities.DetailsActivity" />
38-->src/main/AndroidManifest.xml:29:9-73
38-->src/main/AndroidManifest.xml:29:19-61
39        <activity android:name="com.example.productlist.activities.BillActivity" />
39-->src/main/AndroidManifest.xml:30:9-70
39-->src/main/AndroidManifest.xml:30:19-58
40        <activity android:name="com.example.productlist.activities.CartActivity" />
40-->src/main/AndroidManifest.xml:31:9-70
40-->src/main/AndroidManifest.xml:31:19-58
41
42        <provider
42-->[com.squareup.picasso:picasso:2.71828] AndroidManifest.xml:8:9-11:40
43            android:name="com.squareup.picasso.PicassoProvider"
43-->[com.squareup.picasso:picasso:2.71828] AndroidManifest.xml:9:13-64
44            android:authorities="com.example.productlist.com.squareup.picasso"
44-->[com.squareup.picasso:picasso:2.71828] AndroidManifest.xml:10:13-72
45            android:exported="false" />
45-->[com.squareup.picasso:picasso:2.71828] AndroidManifest.xml:11:13-37
46    </application>
47
48</manifest>